Added Pin To Net: NetName=VCC Pin=U1-B9
Added Pin To Net: NetName=VCC Pin=U1-B13
Added Pin To Net: NetName=VCC Pin=U1-C10
Added Pin To Net: NetName=VCC Pin=U1-D12
Added Pin To Net: NetName=VCC Pin=U1-E10
Added Pin To Net: NetName=VCC Pin=U1-E13
Added Pin To Net: NetName=GND Pin=U1-F10
Added Pin To Net: NetName=GND Pin=U1-F15
Added Pin To Net: NetName=GND Pin=U1-G11
Added Pin To Net: NetName=GND Pin=U1-L19
Added Pin To Net: NetName=D1_N Pin=U1-C7
Added Net: Name=D1_N
Added Pin To Net: NetName=D1_P Pin=U1-D7
Added Net: Name=D1_P
Added Pin To Net: NetName=D2_N Pin=U1-C9
Added Net: Name=D2_N
Added Pin To Net: NetName=D2_P Pin=U1-D9
Added Net: Name=D2_P
Added Pin To Net: NetName=NetU1_C1 Pin=U1-C1
Added Pin To Net: NetName=NetU1_C1 Pin=U5-21
Added Net: Name=NetU1_C1
Added Pin To Net: NetName=NetU1_D1 Pin=U1-D1
Added Pin To Net: NetName=NetU1_D1 Pin=U5-20
Added Net: Name=NetU1_D1
Added Pin To Net: NetName=NetU1_E1 Pin=U1-E1
Added Pin To Net: NetName=NetU1_E1 Pin=U5-19
Added Net: Name=NetU1_E1
Added Pin To Net: NetName=NetU1_E16 Pin=U1-E16
Added Pin To Net: NetName=NetU1_E16 Pin=U1-F14
Added Pin To Net: NetName=NetU1_E16 Pin=U1-G9
Added Pin To Net: NetName=NetU1_E16 Pin=U1-H12
Added Pin To Net: NetName=NetU1_E16 Pin=U1-K20
Added Pin To Net: NetName=NetU1_E16 Pin=Y1-4
Added Net: Name=NetU1_E16
Added Pin To Net: NetName=NetU1_F1 Pin=U1-F1
Added Pin To Net: NetName=NetU1_F1 Pin=U5-18
Added Net: Name=NetU1_F1
Added Pin To Net: NetName=NetU1_G1 Pin=U1-G1
Added Pin To Net: NetName=NetU1_G1 Pin=U5-17
Added Net: Name=NetU1_G1
Added Pin To Net: NetName=NetU1_H1 Pin=U1-H1
Added Pin To Net: NetName=NetU1_H1 Pin=U5-16
Added Net: Name=NetU1_H1
Added Pin To Net: NetName=NetU1_J1 Pin=U1-J1
Added Pin To Net: NetName=NetU1_J1 Pin=U5-15
Added Net: Name=NetU1_J1
Added Pin To Net: NetName=NetU1_K1 Pin=U1-K1
Added Pin To Net: NetName=NetU1_K1 Pin=U5-13
Added Net: Name=NetU1_K1
Added Pin To Net: NetName=NetU1_L1 Pin=U1-L1
Added Pin To Net: NetName=NetU1_L1 Pin=U5-12
Added Net: Name=NetU1_L1
Added Pin To Net: NetName=NetU1_M1 Pin=U1-M1
Added Pin To Net: NetName=NetU1_M1 Pin=U5-11
Added Net: Name=NetU1_M1
Added Pin To Net: NetName=NetU1_N1 Pin=U1-N1
Added Pin To Net: NetName=NetU1_N1 Pin=U5-10
Added Net: Name=NetU1_N1
Added Pin To Net: NetName=NetU1_P1 Pin=U1-P1
Added Pin To Net: NetName=NetU1_P1 Pin=U5-9
Added Net: Name=NetU1_P1
Added Pin To Net: NetName=NetU1_R1 Pin=U1-R1
Added Pin To Net: NetName=NetU1_R1 Pin=U5-8
Added Net: Name=NetU1_R1
